<?xml version="1.0" encoding="UTF-8"?>
<!-- Generated by org.testng.reporters.JUnitXMLReporter -->
<testsuite ignored="0" hostname="DESKTOP-61886DF" failures="0" tests="2" name="Default test" time="0.131" errors="0" timestamp="2022-09-28T01:49:32 IST">
  <testcase classname="Test.TestNGClass" name="@BeforeTest browserLounch" time="-1.664309971614E9">
    <failure type="org.testng.TestNGException" message="
Parameter &amp;apos;browser&amp;apos; is required by BeforeTest on method browserLounch but has not been marked @Optional or defined
in C:\Users\aq1\AppData\Local\Temp\testng-eclipse--255506581\testng-customsuite.xml">
      <![CDATA[org.testng.TestNGException: 
Parameter 'browser' is required by BeforeTest on method browserLounch but has not been marked @Optional or defined
in C:\Users\aq1\AppData\Local\Temp\testng-eclipse--255506581\testng-customsuite.xml
at org.testng.internal.Parameters.createParams(Parameters.java:270)
at org.testng.internal.Parameters.createParametersForMethod(Parameters.java:358)
at org.testng.internal.Parameters.createParameters(Parameters.java:700)
at org.testng.internal.Parameters.createConfigurationParameters(Parameters.java:168)
at org.testng.internal.ConfigInvoker.invokeConfigurations(ConfigInvoker.java:302)
at org.testng.TestRunner.invokeTestConfigurations(TestRunner.java:637)
at org.testng.TestRunner.beforeRun(TestRunner.java:627)
at org.testng.TestRunner.run(TestRunner.java:589)
at org.testng.SuiteRunner.runTest(SuiteRunner.java:377)
at org.testng.SuiteRunner.runSequentially(SuiteRunner.java:371)
at org.testng.SuiteRunner.privateRun(SuiteRunner.java:332)
at org.testng.SuiteRunner.run(SuiteRunner.java:276)
at org.testng.SuiteRunnerWorker.runSuite(SuiteRunnerWorker.java:53)
at org.testng.SuiteRunnerWorker.run(SuiteRunnerWorker.java:96)
at org.testng.TestNG.runSuitesSequentially(TestNG.java:1212)
at org.testng.TestNG.runSuitesLocally(TestNG.java:1134)
at org.testng.TestNG.runSuites(TestNG.java:1063)
at org.testng.TestNG.run(TestNG.java:1031)
at org.testng.remote.AbstractRemoteTestNG.run(AbstractRemoteTestNG.java:115)
at org.testng.remote.RemoteTestNG.initAndRun(RemoteTestNG.java:251)
at org.testng.remote.RemoteTestNG.main(RemoteTestNG.java:77)
]]>
    </failure>
  </testcase> <!-- @BeforeTest browserLounch -->
  <testcase classname="Test.TestNGClass" name="@BeforeClass objectDeclare" time="-1.664309971682E9">
    <skipped/>
  </testcase> <!-- @BeforeClass objectDeclare -->
  <testcase classname="Test.TestNGClass" name="@BeforeMethod clickOnSignUpButton" time="-1.664309971708E9">
    <skipped/>
  </testcase> <!-- @BeforeMethod clickOnSignUpButton -->
  <testcase classname="Test.TestNGClass" name="@AfterMethod afterMethod" time="-1.664309971717E9">
    <skipped/>
  </testcase> <!-- @AfterMethod afterMethod -->
  <testcase classname="Test.TestNGClass" name="@BeforeMethod clickOnSignUpButton" time="-1.664309971719E9">
    <skipped/>
  </testcase> <!-- @BeforeMethod clickOnSignUpButton -->
  <testcase classname="Test.TestNGClass" name="@AfterMethod afterMethod" time="-1.664309971725E9">
    <skipped/>
  </testcase> <!-- @AfterMethod afterMethod -->
  <testcase classname="Test.TestNGClass" name="@AfterClass afterClass" time="-1.664309971729E9">
    <skipped/>
  </testcase> <!-- @AfterClass afterClass -->
  <testcase classname="Test.TestNGClass" name="@AfterTest afterTest" time="-1.664309971734E9">
    <skipped/>
  </testcase> <!-- @AfterTest afterTest -->
  <testcase classname="Test.TestNGClass" name="test1" time="0.0">
    <skipped/>
  </testcase> <!-- test1 -->
  <testcase classname="Test.TestNGClass" name="test1" time="0.0">
    <skipped/>
  </testcase> <!-- test1 -->
</testsuite> <!-- Default test -->
