<?xml version="1.0" encoding="UTF-8"?>
<!-- Generated by org.testng.reporters.JUnitXMLReporter -->
<testsuite ignored="0" hostname="DESKTOP-61886DF" failures="0" tests="1" name="Default test" time="0.223" errors="0" timestamp="2022-09-23T15:27:59 IST">
  <testcase classname="Exec_Test.TestNGSuit1" name="@BeforeTest lounchBrowser" time="-1.663927078337E9">
    <failure type="org.testng.TestNGException" message="
Parameter &amp;apos;browser&amp;apos; is required by BeforeTest on method lounchBrowser but has not been marked @Optional or defined
in C:\Users\aq1\AppData\Local\Temp\testng-eclipse--1858560136\testng-customsuite.xml">
      <![CDATA[org.testng.TestNGException: 
Parameter 'browser' is required by BeforeTest on method lounchBrowser but has not been marked @Optional or defined
in C:\Users\aq1\AppData\Local\Temp\testng-eclipse--1858560136\testng-customsuite.xml
at org.testng.internal.Parameters.createParams(Parameters.java:270)
at org.testng.internal.Parameters.createParametersForMethod(Parameters.java:358)
at org.testng.internal.Parameters.createParameters(Parameters.java:700)
at org.testng.internal.Parameters.createConfigurationParameters(Parameters.java:168)
at org.testng.internal.ConfigInvoker.invokeConfigurations(ConfigInvoker.java:302)
at org.testng.TestRunner.invokeTestConfigurations(TestRunner.java:637)
at org.testng.TestRunner.beforeRun(TestRunner.java:627)
at org.testng.TestRunner.run(TestRunner.java:589)
at org.testng.SuiteRunner.runTest(SuiteRunner.java:377)
at org.testng.SuiteRunner.runSequentially(SuiteRunner.java:371)
at org.testng.SuiteRunner.privateRun(SuiteRunner.java:332)
at org.testng.SuiteRunner.run(SuiteRunner.java:276)
at org.testng.SuiteRunnerWorker.runSuite(SuiteRunnerWorker.java:53)
at org.testng.SuiteRunnerWorker.run(SuiteRunnerWorker.java:96)
at org.testng.TestNG.runSuitesSequentially(TestNG.java:1212)
at org.testng.TestNG.runSuitesLocally(TestNG.java:1134)
at org.testng.TestNG.runSuites(TestNG.java:1063)
at org.testng.TestNG.run(TestNG.java:1031)
at org.testng.remote.AbstractRemoteTestNG.run(AbstractRemoteTestNG.java:115)
at org.testng.remote.RemoteTestNG.initAndRun(RemoteTestNG.java:251)
at org.testng.remote.RemoteTestNG.main(RemoteTestNG.java:77)
]]>
    </failure>
  </testcase> <!-- @BeforeTest lounchBrowser -->
  <testcase classname="Exec_Test.TestNGSuit1" name="@BeforeClass lounchBrowser" time="-1.663927078436E9">
    <skipped/>
  </testcase> <!-- @BeforeClass lounchBrowser -->
  <testcase classname="Exec_Test.TestNGSuit1" name="@BeforeMethod goToHomePage" time="-1.663927078481E9">
    <skipped/>
  </testcase> <!-- @BeforeMethod goToHomePage -->
  <testcase classname="Exec_Test.TestNGSuit1" name="@AfterMethod logOut" time="-1.663927078514E9">
    <skipped/>
  </testcase> <!-- @AfterMethod logOut -->
  <testcase classname="Exec_Test.TestNGSuit1" name="@AfterClass removeObject" time="-1.663927078523E9">
    <skipped/>
  </testcase> <!-- @AfterClass removeObject -->
  <testcase classname="Exec_Test.TestNGSuit1" name="@AfterTest browserClose" time="-1.663927078536E9">
    <skipped/>
  </testcase> <!-- @AfterTest browserClose -->
  <testcase classname="Exec_Test.TestNGSuit1" name="Verify12thProductInCameraLense" time="0.0">
    <skipped/>
  </testcase> <!-- Verify12thProductInCameraLense -->
</testsuite> <!-- Default test -->
